<?xml version="1.0" encoding="UTF-8"?>
<testng-results skipped="0" failed="0" ignored="0" total="1" passed="1">
  <reporter-output>
  </reporter-output>
  <suite name="Suite" duration-ms="73" started-at="2020-05-21T09:38:32Z" finished-at="2020-05-21T09:38:32Z">
    <groups>
    </groups>
    <test name="Test" duration-ms="73" started-at="2020-05-21T09:38:32Z" finished-at="2020-05-21T09:38:32Z">
      <class name="com.Test.NewTest1">
        <test-method status="PASS" signature="startTest()[pri:0, instance:com.Test.NewTest1@66a3ffec]" name="startTest" duration-ms="25" started-at="2020-05-21T09:38:32Z" finished-at="2020-05-21T09:38:32Z">
          <reporter-output>
          </reporter-output>
        </test-method> <!-- startTest -->
      </class> <!-- com.Test.NewTest1 -->
    </test> <!-- Test -->
  </suite> <!-- Suite -->
</testng-results>
